app/build/intermediates/manifest_merge_blame_file/release/processReleaseMainManifest/manifest-merger-blame-release-report.txt
1<?xml version="1.0" encoding="utf-8"?>
2<manifest xmlns:android="http://schemas.android.com/apk/res/android"
3    package="com.example.aarelay"
4    android:versionCode="1"
5    android:versionName="1.0" >
6
7    <uses-sdk
8        android:minSdkVersion="26"
9        android:targetSdkVersion="34" />
10
11    <!-- Bildirim dinleme izni -->
12    <uses-permission android:name="android.permission.BIND_NOTIFICATION_LISTENER_SERVICE" />
12-->src\main\AndroidManifest.xml:7:5-8:47
12-->src\main\AndroidManifest.xml:7:22-90
13
14    <!-- Android 13+ bildirim gönderme izni -->
15    <uses-permission android:name="android.permission.POST_NOTIFICATIONS" />
15-->src\main\AndroidManifest.xml:11:5-77
15-->src\main\AndroidManifest.xml:11:22-74
16
17    <queries>
17-->[androidx.car.app:app:1.4.0] AndroidManifest.xml:23:5-28:15
18        <provider
18-->[androidx.car.app:app:1.4.0] AndroidManifest.xml:24:9-27:43
19            android:name="androidx.car.app.connection.provider"
19-->[androidx.car.app:app:1.4.0] AndroidManifest.xml:25:13-64
20            android:authorities="androidx.car.app.connection" />
20-->[androidx.car.app:app:1.4.0] AndroidManifest.xml:26:13-62
21    </queries>
22
23    <permission
23-->[androidx.core:core:1.12.0] AndroidManifest.xml:22:5-24:47
24        android:name="com.example.aarelay.DYNAMIC_RECEIVER_NOT_EXPORTED_PERMISSION"
24-->[androidx.core:core:1.12.0] AndroidManifest.xml:23:9-81
25        android:protectionLevel="signature" />
25-->[androidx.core:core:1.12.0] AndroidManifest.xml:24:9-44
26
27    <uses-permission android:name="com.example.aarelay.DYNAMIC_RECEIVER_NOT_EXPORTED_PERMISSION" />
27-->[androidx.core:core:1.12.0] AndroidManifest.xml:26:5-97
27-->[androidx.core:core:1.12.0] AndroidManifest.xml:26:22-94
28
29    <application
29-->src\main\AndroidManifest.xml:13:5-67:19
30        android:allowBackup="true"
30-->src\main\AndroidManifest.xml:14:9-35
31        android:appComponentFactory="androidx.core.app.CoreComponentFactory"
31-->[androidx.core:core:1.12.0] AndroidManifest.xml:28:18-86
32        android:extractNativeLibs="false"
33        android:icon="@android:drawable/ic_menu_send"
33-->src\main\AndroidManifest.xml:15:9-54
34        android:label="AA Relay"
34-->src\main\AndroidManifest.xml:16:9-33
35        android:roundIcon="@android:drawable/ic_menu_send"
35-->src\main\AndroidManifest.xml:17:9-59
36        android:supportsRtl="true"
36-->src\main\AndroidManifest.xml:18:9-35
37        android:theme="@style/Theme.AppCompat.Light.NoActionBar" >
37-->src\main\AndroidManifest.xml:19:9-65
38
39        <!-- Android Auto Meta-Data -->
40        <meta-data
40-->src\main\AndroidManifest.xml:22:9-24:59
41            android:name="com.google.android.gms.car.application"
41-->src\main\AndroidManifest.xml:23:13-66
42            android:resource="@xml/automotive_app_desc" />
42-->src\main\AndroidManifest.xml:24:13-56
43
44        <!-- Car App API Level (Zorunlu) -->
45        <meta-data
45-->src\main\AndroidManifest.xml:27:9-29:33
46            android:name="androidx.car.app.minCarApiLevel"
46-->src\main\AndroidManifest.xml:28:13-59
47            android:value="3" />
47-->src\main\AndroidManifest.xml:29:13-30
48
49        <activity
49-->src\main\AndroidManifest.xml:31:9-39:20
50            android:name="com.example.aarelay.MainActivity"
50-->src\main\AndroidManifest.xml:32:13-41
51            android:exported="true"
51-->src\main\AndroidManifest.xml:33:13-36
52            android:theme="@style/Theme.AppCompat.Light.DarkActionBar" >
52-->src\main\AndroidManifest.xml:34:13-71
53            <intent-filter>
53-->src\main\AndroidManifest.xml:35:13-38:29
54                <action android:name="android.intent.action.MAIN" />
54-->src\main\AndroidManifest.xml:36:17-69
54-->src\main\AndroidManifest.xml:36:25-66
55
56                <category android:name="android.intent.category.LAUNCHER" />
56-->src\main\AndroidManifest.xml:37:17-77
56-->src\main\AndroidManifest.xml:37:27-74
57            </intent-filter>
58        </activity>
59
60        <!-- Notification Listener Service -->
61        <service
61-->src\main\AndroidManifest.xml:42:9-50:19
62            android:name="com.example.aarelay.NotificationListener"
62-->src\main\AndroidManifest.xml:43:13-49
63            android:exported="true"
63-->src\main\AndroidManifest.xml:44:13-36
64            android:label="AA Relay Listener"
64-->src\main\AndroidManifest.xml:45:13-46
65            android:permission="android.permission.BIND_NOTIFICATION_LISTENER_SERVICE" >
65-->src\main\AndroidManifest.xml:46:13-87
66            <intent-filter>
66-->src\main\AndroidManifest.xml:47:13-49:29
67                <action android:name="android.service.notification.NotificationListenerService" />
67-->src\main\AndroidManifest.xml:48:17-99
67-->src\main\AndroidManifest.xml:48:25-96
68            </intent-filter>
69        </service>
70
71        <!-- Android Auto Eylem Alıcıları -->
72        <receiver
72-->src\main\AndroidManifest.xml:53:9-81
73            android:name="com.example.aarelay.MessageReadReceiver"
73-->src\main\AndroidManifest.xml:53:19-54
74            android:exported="false" />
74-->src\main\AndroidManifest.xml:53:55-79
75        <receiver
75-->src\main\AndroidManifest.xml:54:9-82
76            android:name="com.example.aarelay.MessageReplyReceiver"
76-->src\main\AndroidManifest.xml:54:19-55
77            android:exported="false" />
77-->src\main\AndroidManifest.xml:54:56-80
78
79        <!-- Android Auto Uygulama Servisi -->
80        <service
80-->src\main\AndroidManifest.xml:57:9-65:19
81            android:name="com.example.aarelay.AARelayCarAppService"
81-->src\main\AndroidManifest.xml:58:13-49
82            android:exported="true"
82-->src\main\AndroidManifest.xml:59:13-36
83            android:label="AA Relay Mesajlar" >
83-->src\main\AndroidManifest.xml:60:13-46
84            <intent-filter>
84-->src\main\AndroidManifest.xml:61:13-64:29
85                <action android:name="androidx.car.app.CarAppService" />
85-->src\main\AndroidManifest.xml:62:17-73
85-->src\main\AndroidManifest.xml:62:25-70
86
87                <category android:name="com.google.android.gms.car.application" />
87-->src\main\AndroidManifest.xml:63:17-83
87-->src\main\AndroidManifest.xml:63:27-80
88            </intent-filter>
89        </service>
90
91        <activity
91-->[androidx.car.app:app:1.4.0] AndroidManifest.xml:31:9-34:75
92            android:name="androidx.car.app.CarAppPermissionActivity"
92-->[androidx.car.app:app:1.4.0] AndroidManifest.xml:32:13-69
93            android:exported="false"
93-->[androidx.car.app:app:1.4.0] AndroidManifest.xml:33:13-37
94            android:theme="@android:style/Theme.Translucent.NoTitleBar" />
94-->[androidx.car.app:app:1.4.0] AndroidManifest.xml:34:13-72
95
96        <receiver
96-->[androidx.car.app:app:1.4.0] AndroidManifest.xml:36:9-38:40
97            android:name="androidx.car.app.notification.CarAppNotificationBroadcastReceiver"
97-->[androidx.car.app:app:1.4.0] AndroidManifest.xml:37:13-93
98            android:exported="false" />
98-->[androidx.car.app:app:1.4.0] AndroidManifest.xml:38:13-37
99
100        <provider
100-->[androidx.emoji2:emoji2:1.3.0] AndroidManifest.xml:24:9-32:20
101            android:name="androidx.startup.InitializationProvider"
101-->[androidx.emoji2:emoji2:1.3.0] AndroidManifest.xml:25:13-67
102            android:authorities="com.example.aarelay.androidx-startup"
102-->[androidx.emoji2:emoji2:1.3.0] AndroidManifest.xml:26:13-68
103            android:exported="false" >
103-->[androidx.emoji2:emoji2:1.3.0] AndroidManifest.xml:27:13-37
104            <meta-data
104-->[androidx.emoji2:emoji2:1.3.0] AndroidManifest.xml:29:13-31:52
105                android:name="androidx.emoji2.text.EmojiCompatInitializer"
105-->[androidx.emoji2:emoji2:1.3.0] AndroidManifest.xml:30:17-75
106                android:value="androidx.startup" />
106-->[androidx.emoji2:emoji2:1.3.0] AndroidManifest.xml:31:17-49
107            <meta-data
107-->[androidx.lifecycle:lifecycle-process:2.7.0] AndroidManifest.xml:29:13-31:52
108                android:name="androidx.lifecycle.ProcessLifecycleInitializer"
108-->[androidx.lifecycle:lifecycle-process:2.7.0] AndroidManifest.xml:30:17-78
109                android:value="androidx.startup" />
109-->[androidx.lifecycle:lifecycle-process:2.7.0] AndroidManifest.xml:31:17-49
110            <meta-data
110-->[androidx.profileinstaller:profileinstaller:1.3.0] AndroidManifest.xml:29:13-31:52
111                android:name="androidx.profileinstaller.ProfileInstallerInitializer"
111-->[androidx.profileinstaller:profileinstaller:1.3.0] AndroidManifest.xml:30:17-85
112                android:value="androidx.startup" />
112-->[androidx.profileinstaller:profileinstaller:1.3.0] AndroidManifest.xml:31:17-49
113        </provider>
114
115        <receiver
115-->[androidx.profileinstaller:profileinstaller:1.3.0] AndroidManifest.xml:34:9-52:20
116            android:name="androidx.profileinstaller.ProfileInstallReceiver"
116-->[androidx.profileinstaller:profileinstaller:1.3.0] AndroidManifest.xml:35:13-76
117            android:directBootAware="false"
117-->[androidx.profileinstaller:profileinstaller:1.3.0] AndroidManifest.xml:36:13-44
118            android:enabled="true"
118-->[androidx.profileinstaller:profileinstaller:1.3.0] AndroidManifest.xml:37:13-35
119            android:exported="true"
119-->[androidx.profileinstaller:profileinstaller:1.3.0] AndroidManifest.xml:38:13-36
120            android:permission="android.permission.DUMP" >
120-->[androidx.profileinstaller:profileinstaller:1.3.0] AndroidManifest.xml:39:13-57
121            <intent-filter>
121-->[androidx.profileinstaller:profileinstaller:1.3.0] AndroidManifest.xml:40:13-42:29
122                <action android:name="androidx.profileinstaller.action.INSTALL_PROFILE" />
122-->[androidx.profileinstaller:profileinstaller:1.3.0] AndroidManifest.xml:41:17-91
122-->[androidx.profileinstaller:profileinstaller:1.3.0] AndroidManifest.xml:41:25-88
123            </intent-filter>
124            <intent-filter>
124-->[androidx.profileinstaller:profileinstaller:1.3.0] AndroidManifest.xml:43:13-45:29
125                <action android:name="androidx.profileinstaller.action.SKIP_FILE" />
125-->[androidx.profileinstaller:profileinstaller:1.3.0] AndroidManifest.xml:44:17-85
125-->[androidx.profileinstaller:profileinstaller:1.3.0] AndroidManifest.xml:44:25-82
126            </intent-filter>
127            <intent-filter>
127-->[androidx.profileinstaller:profileinstaller:1.3.0] AndroidManifest.xml:46:13-48:29
128                <action android:name="androidx.profileinstaller.action.SAVE_PROFILE" />
128-->[androidx.profileinstaller:profileinstaller:1.3.0] AndroidManifest.xml:47:17-88
128-->[androidx.profileinstaller:profileinstaller:1.3.0] AndroidManifest.xml:47:25-85
129            </intent-filter>
130            <intent-filter>
130-->[androidx.profileinstaller:profileinstaller:1.3.0] AndroidManifest.xml:49:13-51:29
131                <action android:name="androidx.profileinstaller.action.BENCHMARK_OPERATION" />
131-->[androidx.profileinstaller:profileinstaller:1.3.0] AndroidManifest.xml:50:17-95
131-->[androidx.profileinstaller:profileinstaller:1.3.0] AndroidManifest.xml:50:25-92
132            </intent-filter>
133        </receiver>
134    </application>
135
136</manifest>